<?xml version="1.0" encoding="UTF-8"?>
<testng-results ignored="0" total="1" passed="1" failed="0" skipped="0">
  <reporter-output>
  </reporter-output>
  <suite started-at="2023-12-27T17:06:09 IST" name="Default suite" finished-at="2023-12-27T17:06:59 IST" duration-ms="50104">
    <groups>
      <group name="cucumber">
        <method signature="AbstractTestNGCucumberTests.runScenario(io.cucumber.testng.PickleWrapper,io.cucumber.testng.FeatureWrapper)[pri:0, instance:execution.AmazonRunnerTest@9d5509a]" name="runScenario" class="io.cucumber.testng.AbstractTestNGCucumberTests"/>
      </group> <!-- cucumber -->
    </groups>
    <test started-at="2023-12-27T17:06:09 IST" name="Default test" finished-at="2023-12-27T17:06:59 IST" duration-ms="50104">
      <class name="execution.AmazonRunnerTest">
        <test-method is-config="true" signature="setUpClass(org.testng.ITestContext)[pri:0, instance:execution.AmazonRunnerTest@9d5509a]" started-at="2023-12-27T17:06:09 IST" name="setUpClass" finished-at="2023-12-27T17:06:09 IST" duration-ms="645" status="PASS">
          <params>
            <param index="0">
              <value>
                <![CDATA[org.testng.TestRunner@30eedaa4]]>
              </value>
            </param>
          </params>
          <reporter-output>
          </reporter-output>
        </test-method> <!-- setUpClass -->
        <test-method signature="runScenario(io.cucumber.testng.PickleWrapper,io.cucumber.testng.FeatureWrapper)[pri:0, instance:execution.AmazonRunnerTest@9d5509a]" started-at="2023-12-27T17:06:09 IST" name="runScenario" description="Runs Cucumber Scenarios" data-provider="scenarios" finished-at="2023-12-27T17:06:51 IST" duration-ms="42157" status="PASS">
          <params>
            <param index="0">
              <value>
                <![CDATA["verify cart icon"]]>
              </value>
            </param>
            <param index="1">
              <value>
                <![CDATA["Home page functionality"]]>
              </value>
            </param>
          </params>
          <reporter-output>
          </reporter-output>
        </test-method> <!-- runScenario -->
        <test-method is-config="true" signature="tearDownClass()[pri:0, instance:execution.AmazonRunnerTest@9d5509a]" started-at="2023-12-27T17:06:51 IST" name="tearDownClass" finished-at="2023-12-27T17:06:59 IST" duration-ms="7256" status="PASS">
          <reporter-output>
          </reporter-output>
        </test-method> <!-- tearDownClass -->
      </class> <!-- execution.AmazonRunnerTest -->
    </test> <!-- Default test -->
  </suite> <!-- Default suite -->
</testng-results>
